# JRE version: OpenJDK Runtime Environment (8.0_402-b06) (build 1.8.0_402-b06)
# Java VM: OpenJDK 64-Bit Server VM (25.402-b06 mixed mode windows-amd64 compressed oops)
Heap:
 PSYoungGen      total 137216K, used 10854K [0x000000076e000000, 0x000000077ec00000, 0x00000007c0000000)
  eden space 126976K, 8% used [0x000000076e000000,0x000000076ea99978,0x0000000775c00000)
  from space 10240K, 0% used [0x0000000775c00000,0x0000000775c00000,0x0000000776600000)
  to   space 10240K, 0% used [0x000000077e200000,0x000000077e200000,0x000000077ec00000)
 ParOldGen       total 124416K, used 17665K [0x00000006ca000000, 0x00000006d1980000, 0x000000076e000000)
  object space 124416K, 14% used [0x00000006ca000000,0x00000006cb140730,0x00000006d1980000)
 Metaspace       used 21870K, capacity 22196K, committed 22400K, reserved 1069056K
  class space    used 2765K, capacity 2860K, committed 2944K, reserved 1048576K
GC Heap History (8 events):
Event: 0.458 GC heap before
{Heap before GC invocations=1 (full 0):
 PSYoungGen      total 73728K, used 63488K [0x000000076e000000, 0x0000000773200000, 0x00000007c0000000)
  eden space 63488K, 100% used [0x000000076e000000,0x0000000771e00000,0x0000000771e00000)
  from space 10240K, 0% used [0x0000000772800000,0x0000000772800000,0x0000000773200000)
  to   space 10240K, 0% used [0x0000000771e00000,0x0000000771e00000,0x0000000772800000)
 ParOldGen       total 167936K, used 0K [0x00000006ca000000, 0x00000006d4400000, 0x000000076e000000)
  object space 167936K, 0% used [0x00000006ca000000,0x00000006ca000000,0x00000006d4400000)
 Metaspace       used 10179K, capacity 10328K, committed 10624K, reserved 1058816K
  class space    used 1213K, capacity 1288K, committed 1408K, reserved 1048576K
Event: 0.464 GC heap after
Heap after GC invocations=1 (full 0):
 PSYoungGen      total 73728K, used 10217K [0x000000076e000000, 0x0000000777000000, 0x00000007c0000000)
  eden space 63488K, 0% used [0x000000076e000000,0x000000076e000000,0x0000000771e00000)
  from space 10240K, 99% used [0x0000000771e00000,0x00000007727fa5c0,0x0000000772800000)
  to   space 10240K, 0% used [0x0000000776600000,0x0000000776600000,0x0000000777000000)
 ParOldGen       total 167936K, used 3709K [0x00000006ca000000, 0x00000006d4400000, 0x000000076e000000)
  object space 167936K, 2% used [0x00000006ca000000,0x00000006ca39f530,0x00000006d4400000)
 Metaspace       used 10179K, capacity 10328K, committed 10624K, reserved 1058816K
  class space    used 1213K, capacity 1288K, committed 1408K, reserved 1048576K
}
Event: 0.873 GC heap before
{Heap before GC invocations=2 (full 0):
 PSYoungGen      total 73728K, used 73705K [0x000000076e000000, 0x0000000777000000, 0x00000007c0000000)
  eden space 63488K, 100% used [0x000000076e000000,0x0000000771e00000,0x0000000771e00000)
  from space 10240K, 99% used [0x0000000771e00000,0x00000007727fa5c0,0x0000000772800000)
  to   space 10240K, 0% used [0x0000000776600000,0x0000000776600000,0x0000000777000000)
 ParOldGen       total 167936K, used 3709K [0x00000006ca000000, 0x00000006d4400000, 0x000000076e000000)
  object space 167936K, 2% used [0x00000006ca000000,0x00000006ca39f530,0x00000006d4400000)
 Metaspace       used 16972K, capacity 17210K, committed 17408K, reserved 1064960K
  class space    used 2145K, capacity 2227K, committed 2304K, reserved 1048576K
Event: 0.882 GC heap after
Heap after GC invocations=2 (full 0):
 PSYoungGen      total 137216K, used 10224K [0x000000076e000000, 0x0000000777000000, 0x00000007c0000000)
  eden space 126976K, 0% used [0x000000076e000000,0x000000076e000000,0x0000000775c00000)
  from space 10240K, 99% used [0x0000000776600000,0x0000000776ffc040,0x0000000777000000)
  to   space 10240K, 0% used [0x0000000775c00000,0x0000000775c00000,0x0000000776600000)
 ParOldGen       total 167936K, used 11773K [0x00000006ca000000, 0x00000006d4400000, 0x000000076e000000)
  object space 167936K, 7% used [0x00000006ca000000,0x00000006cab7f788,0x00000006d4400000)
 Metaspace       used 16972K, capacity 17210K, committed 17408K, reserved 1064960K
  class space    used 2145K, capacity 2227K, committed 2304K, reserved 1048576K
}
Event: 1.302 GC heap before
{Heap before GC invocations=3 (full 0):
 PSYoungGen      total 137216K, used 61290K [0x000000076e000000, 0x0000000777000000, 0x00000007c0000000)
  eden space 126976K, 40% used [0x000000076e000000,0x00000007711deb68,0x0000000775c00000)
  from space 10240K, 99% used [0x0000000776600000,0x0000000776ffc040,0x0000000777000000)
  to   space 10240K, 0% used [0x0000000775c00000,0x0000000775c00000,0x0000000776600000)
 ParOldGen       total 167936K, used 11773K [0x00000006ca000000, 0x00000006d4400000, 0x000000076e000000)
  object space 167936K, 7% used [0x00000006ca000000,0x00000006cab7f788,0x00000006d4400000)
 Metaspace       used 20864K, capacity 21102K, committed 21248K, reserved 1067008K
  class space    used 2652K, capacity 2731K, committed 2816K, reserved 1048576K
Event: 1.310 GC heap after
Heap after GC invocations=3 (full 0):
 PSYoungGen      total 137216K, used 10225K [0x000000076e000000, 0x000000077ec00000, 0x00000007c0000000)
  eden space 126976K, 0% used [0x000000076e000000,0x000000076e000000,0x0000000775c00000)
  from space 10240K, 99% used [0x0000000775c00000,0x00000007765fc588,0x0000000776600000)
  to   space 10240K, 0% used [0x000000077e200000,0x000000077e200000,0x000000077ec00000)
 ParOldGen       total 167936K, used 17645K [0x00000006ca000000, 0x00000006d4400000, 0x000000076e000000)
  object space 167936K, 10% used [0x00000006ca000000,0x00000006cb13b6c0,0x00000006d4400000)
 Metaspace       used 20864K, capacity 21102K, committed 21248K, reserved 1067008K
  class space    used 2652K, capacity 2731K, committed 2816K, reserved 1048576K
}
Event: 1.310 GC heap before
{Heap before GC invocations=4 (full 1):
 PSYoungGen      total 137216K, used 10225K [0x000000076e000000, 0x000000077ec00000, 0x00000007c0000000)
  eden space 126976K, 0% used [0x000000076e000000,0x000000076e000000,0x0000000775c00000)
  from space 10240K, 99% used [0x0000000775c00000,0x00000007765fc588,0x0000000776600000)
  to   space 10240K, 0% used [0x000000077e200000,0x000000077e200000,0x000000077ec00000)
 ParOldGen       total 167936K, used 17645K [0x00000006ca000000, 0x00000006d4400000, 0x000000076e000000)
  object space 167936K, 10% used [0x00000006ca000000,0x00000006cb13b6c0,0x00000006d4400000)
 Metaspace       used 20864K, capacity 21102K, committed 21248K, reserved 1067008K
  class space    used 2652K, capacity 2731K, committed 2816K, reserved 1048576K
Event: 1.337 GC heap after
Heap after GC invocations=4 (full 1):
 PSYoungGen      total 137216K, used 0K [0x000000076e000000, 0x000000077ec00000, 0x00000007c0000000)
  eden space 126976K, 0% used [0x000000076e000000,0x000000076e000000,0x0000000775c00000)
  from space 10240K, 0% used [0x0000000775c00000,0x0000000775c00000,0x0000000776600000)
  to   space 10240K, 0% used [0x000000077e200000,0x000000077e200000,0x000000077ec00000)
 ParOldGen       total 124416K, used 17665K [0x00000006ca000000, 0x00000006d1980000, 0x000000076e000000)
  object space 124416K, 14% used [0x00000006ca000000,0x00000006cb140730,0x00000006d1980000)
 Metaspace       used 20864K, capacity 21102K, committed 21248K, reserved 1067008K
  class space    used 2652K, capacity 2731K, committed 2816K, reserved 1048576K
}

