# JRE version: OpenJDK Runtime Environment (8.0_402-b06) (build 1.8.0_402-b06)
# Java VM: OpenJDK 64-Bit Server VM (25.402-b06 mixed mode windows-amd64 compressed oops)
Heap:
 PSYoungGen      total 137216K, used 13347K [0x000000076e000000, 0x000000077ec00000, 0x00000007c0000000)
  eden space 126976K, 10% used [0x000000076e000000,0x000000076ed08fe8,0x0000000775c00000)
  from space 10240K, 0% used [0x0000000775c00000,0x0000000775c00000,0x0000000776600000)
  to   space 10240K, 0% used [0x000000077e200000,0x000000077e200000,0x000000077ec00000)
 ParOldGen       total 122368K, used 17876K [0x00000006ca000000, 0x00000006d1780000, 0x000000076e000000)
  object space 122368K, 14% used [0x00000006ca000000,0x00000006cb175080,0x00000006d1780000)
 Metaspace       used 21913K, capacity 22206K, committed 22400K, reserved 1069056K
  class space    used 2765K, capacity 2861K, committed 2944K, reserved 1048576K
GC Heap History (8 events):
Event: 0.490 GC heap before
{Heap before GC invocations=1 (full 0):
 PSYoungGen      total 73728K, used 63488K [0x000000076e000000, 0x0000000773200000, 0x00000007c0000000)
  eden space 63488K, 100% used [0x000000076e000000,0x0000000771e00000,0x0000000771e00000)
  from space 10240K, 0% used [0x0000000772800000,0x0000000772800000,0x0000000773200000)
  to   space 10240K, 0% used [0x0000000771e00000,0x0000000771e00000,0x0000000772800000)
 ParOldGen       total 167936K, used 0K [0x00000006ca000000, 0x00000006d4400000, 0x000000076e000000)
  object space 167936K, 0% used [0x00000006ca000000,0x00000006ca000000,0x00000006d4400000)
 Metaspace       used 10173K, capacity 10332K, committed 10624K, reserved 1058816K
  class space    used 1213K, capacity 1288K, committed 1408K, reserved 1048576K
Event: 0.498 GC heap after
Heap after GC invocations=1 (full 0):
 PSYoungGen      total 73728K, used 10228K [0x000000076e000000, 0x0000000777000000, 0x00000007c0000000)
  eden space 63488K, 0% used [0x000000076e000000,0x000000076e000000,0x0000000771e00000)
  from space 10240K, 99% used [0x0000000771e00000,0x00000007727fd1c0,0x0000000772800000)
  to   space 10240K, 0% used [0x0000000776600000,0x0000000776600000,0x0000000777000000)
 ParOldGen       total 167936K, used 3713K [0x00000006ca000000, 0x00000006d4400000, 0x000000076e000000)
  object space 167936K, 2% used [0x00000006ca000000,0x00000006ca3a05b8,0x00000006d4400000)
 Metaspace       used 10173K, capacity 10332K, committed 10624K, reserved 1058816K
  class space    used 1213K, capacity 1288K, committed 1408K, reserved 1048576K
}
Event: 0.932 GC heap before
{Heap before GC invocations=2 (full 0):
 PSYoungGen      total 73728K, used 73716K [0x000000076e000000, 0x0000000777000000, 0x00000007c0000000)
  eden space 63488K, 100% used [0x000000076e000000,0x0000000771e00000,0x0000000771e00000)
  from space 10240K, 99% used [0x0000000771e00000,0x00000007727fd1c0,0x0000000772800000)
  to   space 10240K, 0% used [0x0000000776600000,0x0000000776600000,0x0000000777000000)
 ParOldGen       total 167936K, used 3713K [0x00000006ca000000, 0x00000006d4400000, 0x000000076e000000)
  object space 167936K, 2% used [0x00000006ca000000,0x00000006ca3a05b8,0x00000006d4400000)
 Metaspace       used 16973K, capacity 17214K, committed 17408K, reserved 1064960K
  class space    used 2146K, capacity 2227K, committed 2304K, reserved 1048576K
Event: 0.940 GC heap after
Heap after GC invocations=2 (full 0):
 PSYoungGen      total 137216K, used 10213K [0x000000076e000000, 0x0000000777000000, 0x00000007c0000000)
  eden space 126976K, 0% used [0x000000076e000000,0x000000076e000000,0x0000000775c00000)
  from space 10240K, 99% used [0x0000000776600000,0x0000000776ff9440,0x0000000777000000)
  to   space 10240K, 0% used [0x0000000775c00000,0x0000000775c00000,0x0000000776600000)
 ParOldGen       total 167936K, used 11803K [0x00000006ca000000, 0x00000006d4400000, 0x000000076e000000)
  object space 167936K, 7% used [0x00000006ca000000,0x00000006cab86f90,0x00000006d4400000)
 Metaspace       used 16973K, capacity 17214K, committed 17408K, reserved 1064960K
  class space    used 2146K, capacity 2227K, committed 2304K, reserved 1048576K
}
Event: 1.422 GC heap before
{Heap before GC invocations=3 (full 0):
 PSYoungGen      total 137216K, used 61232K [0x000000076e000000, 0x0000000777000000, 0x00000007c0000000)
  eden space 126976K, 40% used [0x000000076e000000,0x00000007711d2c10,0x0000000775c00000)
  from space 10240K, 99% used [0x0000000776600000,0x0000000776ff9440,0x0000000777000000)
  to   space 10240K, 0% used [0x0000000775c00000,0x0000000775c00000,0x0000000776600000)
 ParOldGen       total 167936K, used 11803K [0x00000006ca000000, 0x00000006d4400000, 0x000000076e000000)
  object space 167936K, 7% used [0x00000006ca000000,0x00000006cab86f90,0x00000006d4400000)
 Metaspace       used 20891K, capacity 21106K, committed 21248K, reserved 1067008K
  class space    used 2651K, capacity 2731K, committed 2816K, reserved 1048576K
Event: 1.432 GC heap after
Heap after GC invocations=3 (full 0):
 PSYoungGen      total 137216K, used 10229K [0x000000076e000000, 0x000000077ec00000, 0x00000007c0000000)
  eden space 126976K, 0% used [0x000000076e000000,0x000000076e000000,0x0000000775c00000)
  from space 10240K, 99% used [0x0000000775c00000,0x00000007765fd470,0x0000000776600000)
  to   space 10240K, 0% used [0x000000077e200000,0x000000077e200000,0x000000077ec00000)
 ParOldGen       total 167936K, used 17877K [0x00000006ca000000, 0x00000006d4400000, 0x000000076e000000)
  object space 167936K, 10% used [0x00000006ca000000,0x00000006cb1757b0,0x00000006d4400000)
 Metaspace       used 20891K, capacity 21106K, committed 21248K, reserved 1067008K
  class space    used 2651K, capacity 2731K, committed 2816K, reserved 1048576K
}
Event: 1.432 GC heap before
{Heap before GC invocations=4 (full 1):
 PSYoungGen      total 137216K, used 10229K [0x000000076e000000, 0x000000077ec00000, 0x00000007c0000000)
  eden space 126976K, 0% used [0x000000076e000000,0x000000076e000000,0x0000000775c00000)
  from space 10240K, 99% used [0x0000000775c00000,0x00000007765fd470,0x0000000776600000)
  to   space 10240K, 0% used [0x000000077e200000,0x000000077e200000,0x000000077ec00000)
 ParOldGen       total 167936K, used 17877K [0x00000006ca000000, 0x00000006d4400000, 0x000000076e000000)
  object space 167936K, 10% used [0x00000006ca000000,0x00000006cb1757b0,0x00000006d4400000)
 Metaspace       used 20891K, capacity 21106K, committed 21248K, reserved 1067008K
  class space    used 2651K, capacity 2731K, committed 2816K, reserved 1048576K
Event: 1.460 GC heap after
Heap after GC invocations=4 (full 1):
 PSYoungGen      total 137216K, used 0K [0x000000076e000000, 0x000000077ec00000, 0x00000007c0000000)
  eden space 126976K, 0% used [0x000000076e000000,0x000000076e000000,0x0000000775c00000)
  from space 10240K, 0% used [0x0000000775c00000,0x0000000775c00000,0x0000000776600000)
  to   space 10240K, 0% used [0x000000077e200000,0x000000077e200000,0x000000077ec00000)
 ParOldGen       total 122368K, used 17876K [0x00000006ca000000, 0x00000006d1780000, 0x000000076e000000)
  object space 122368K, 14% used [0x00000006ca000000,0x00000006cb175080,0x00000006d1780000)
 Metaspace       used 20891K, capacity 21106K, committed 21248K, reserved 1067008K
  class space    used 2651K, capacity 2731K, committed 2816K, reserved 1048576K
}

